<?xml version="1.0" encoding="UTF-8"?>
<testsuite name="ru.netology.service.CashbackHackServiceTest" tests="1" skipped="0" failures="0" errors="0" timestamp="2022-09-29T10:20:21" hostname="LAPTOP-4QIBNOEC" time="0.035">
  <properties/>
  <testcase name="shouldReturn100IfAmountIs900()" classname="ru.netology.service.CashbackHackServiceTest" time="0.035"/>
  <system-out><![CDATA[]]></system-out>
  <system-err><![CDATA[]]></system-err>
</testsuite>
